<?xml version="1.0" encoding="UTF-8"?>
<testng-results skipped="0" failed="0" ignored="0" total="1" passed="1">
  <reporter-output>
  </reporter-output>
  <suite name="Default suite" duration-ms="5497" started-at="2020-11-22T18:02:29 UTC" finished-at="2020-11-22T18:02:34 UTC">
    <groups>
    </groups>
    <test name="Default test" duration-ms="5497" started-at="2020-11-22T18:02:29 UTC" finished-at="2020-11-22T18:02:34 UTC">
      <class name="tests.LoginTest">
        <test-method status="PASS" signature="fetchdata()[pri:0, instance:tests.LoginTest@5a8806ef]" name="fetchdata" is-config="true" duration-ms="472" started-at="2020-11-22T18:02:29 UTC" finished-at="2020-11-22T18:02:29 UTC">
          <reporter-output>
          </reporter-output>
        </test-method> <!-- fetchdata -->
        <test-method status="PASS" signature="setup()[pri:0, instance:tests.LoginTest@5a8806ef]" name="setup" is-config="true" duration-ms="3377" started-at="2020-11-22T18:02:29 UTC" finished-at="2020-11-22T18:02:33 UTC">
          <reporter-output>
          </reporter-output>
        </test-method> <!-- setup -->
        <test-method status="PASS" signature="login()[pri:0, instance:tests.LoginTest@5a8806ef]" name="login" duration-ms="1615" started-at="2020-11-22T18:02:33 UTC" finished-at="2020-11-22T18:02:34 UTC">
          <reporter-output>
          </reporter-output>
        </test-method> <!-- login -->
      </class> <!-- tests.LoginTest -->
    </test> <!-- Default test -->
  </suite> <!-- Default suite -->
</testng-results>
